
*** Running vivado
    with args -log VGA_Sig_Gen.vdi -applog -m64 -messageDb vivado.pb -mode batch -source VGA_Sig_Gen.tcl -notrace


****** Vivado v2015.2 (64-bit)
  **** SW Build 1266856 on Fri Jun 26 16:35:25 MDT 2015
  **** IP Build 1264090 on Wed Jun 24 14:22:01 MDT 2015
    ** Copyright 1986-2015 Xilinx, Inc. All Rights Reserved.

source VGA_Sig_Gen.tcl -notrace
Design is defaulting to srcset: sources_1
Design is defaulting to constrset: constrs_1
INFO: [Netlist 29-17] Analyzing 20 Unisim elements for replacement
INFO: [Netlist 29-28] Unisim Transformation completed in 0 CPU seconds
INFO: [Project 1-479] Netlist was created with Vivado 2015.2
INFO: [Device 21-403] Loading part xc7a35tcpg236-1
INFO: [Project 1-570] Preparing netlist for logic optimization
Parsing XDC File [/home/s1786991/DSD4/VGA_interface/VGA_interface.srcs/constrs_1/new/vga_constraints.xdc]
WARNING: [Vivado 12-584] No ports matched 'COLOUR_IN[0]'. [/home/s1786991/DSD4/VGA_interface/VGA_interface.srcs/constrs_1/new/vga_constraints.xdc:2]
CRITICAL WARNING: [Common 17-55] 'set_property' expects at least one object. [/home/s1786991/DSD4/VGA_interface/VGA_interface.srcs/constrs_1/new/vga_constraints.xdc:2]
Resolution: If [get_<value>] was used to populate the object, check to make sure this command returns at least one valid object.
WARNING: [Vivado 12-584] No ports matched 'COLOUR_IN[0]'. [/home/s1786991/DSD4/VGA_interface/VGA_interface.srcs/constrs_1/new/vga_constraints.xdc:3]
CRITICAL WARNING: [Common 17-55] 'set_property' expects at least one object. [/home/s1786991/DSD4/VGA_interface/VGA_interface.srcs/constrs_1/new/vga_constraints.xdc:3]
Resolution: If [get_<value>] was used to populate the object, check to make sure this command returns at least one valid object.
WARNING: [Vivado 12-584] No ports matched 'COLOUR_IN[1]'. [/home/s1786991/DSD4/VGA_interface/VGA_interface.srcs/constrs_1/new/vga_constraints.xdc:4]
CRITICAL WARNING: [Common 17-55] 'set_property' expects at least one object. [/home/s1786991/DSD4/VGA_interface/VGA_interface.srcs/constrs_1/new/vga_constraints.xdc:4]
Resolution: If [get_<value>] was used to populate the object, check to make sure this command returns at least one valid object.
WARNING: [Vivado 12-584] No ports matched 'COLOUR_IN[1]'. [/home/s1786991/DSD4/VGA_interface/VGA_interface.srcs/constrs_1/new/vga_constraints.xdc:5]
CRITICAL WARNING: [Common 17-55] 'set_property' expects at least one object. [/home/s1786991/DSD4/VGA_interface/VGA_interface.srcs/constrs_1/new/vga_constraints.xdc:5]
Resolution: If [get_<value>] was used to populate the object, check to make sure this command returns at least one valid object.
WARNING: [Vivado 12-584] No ports matched 'COLOUR_IN[2]'. [/home/s1786991/DSD4/VGA_interface/VGA_interface.srcs/constrs_1/new/vga_constraints.xdc:6]
CRITICAL WARNING: [Common 17-55] 'set_property' expects at least one object. [/home/s1786991/DSD4/VGA_interface/VGA_interface.srcs/constrs_1/new/vga_constraints.xdc:6]
Resolution: If [get_<value>] was used to populate the object, check to make sure this command returns at least one valid object.
WARNING: [Vivado 12-584] No ports matched 'COLOUR_IN[2]'. [/home/s1786991/DSD4/VGA_interface/VGA_interface.srcs/constrs_1/new/vga_constraints.xdc:7]
CRITICAL WARNING: [Common 17-55] 'set_property' expects at least one object. [/home/s1786991/DSD4/VGA_interface/VGA_interface.srcs/constrs_1/new/vga_constraints.xdc:7]
Resolution: If [get_<value>] was used to populate the object, check to make sure this command returns at least one valid object.
WARNING: [Vivado 12-584] No ports matched 'COLOUR_IN[3]'. [/home/s1786991/DSD4/VGA_interface/VGA_interface.srcs/constrs_1/new/vga_constraints.xdc:8]
CRITICAL WARNING: [Common 17-55] 'set_property' expects at least one object. [/home/s1786991/DSD4/VGA_interface/VGA_interface.srcs/constrs_1/new/vga_constraints.xdc:8]
Resolution: If [get_<value>] was used to populate the object, check to make sure this command returns at least one valid object.
WARNING: [Vivado 12-584] No ports matched 'COLOUR_IN[3]'. [/home/s1786991/DSD4/VGA_interface/VGA_interface.srcs/constrs_1/new/vga_constraints.xdc:9]
CRITICAL WARNING: [Common 17-55] 'set_property' expects at least one object. [/home/s1786991/DSD4/VGA_interface/VGA_interface.srcs/constrs_1/new/vga_constraints.xdc:9]
Resolution: If [get_<value>] was used to populate the object, check to make sure this command returns at least one valid object.
WARNING: [Vivado 12-584] No ports matched 'COLOUR_IN[4]'. [/home/s1786991/DSD4/VGA_interface/VGA_interface.srcs/constrs_1/new/vga_constraints.xdc:10]
CRITICAL WARNING: [Common 17-55] 'set_property' expects at least one object. [/home/s1786991/DSD4/VGA_interface/VGA_interface.srcs/constrs_1/new/vga_constraints.xdc:10]
Resolution: If [get_<value>] was used to populate the object, check to make sure this command returns at least one valid object.
WARNING: [Vivado 12-584] No ports matched 'COLOUR_IN[4]'. [/home/s1786991/DSD4/VGA_interface/VGA_interface.srcs/constrs_1/new/vga_constraints.xdc:11]
CRITICAL WARNING: [Common 17-55] 'set_property' expects at least one object. [/home/s1786991/DSD4/VGA_interface/VGA_interface.srcs/constrs_1/new/vga_constraints.xdc:11]
Resolution: If [get_<value>] was used to populate the object, check to make sure this command returns at least one valid object.
WARNING: [Vivado 12-584] No ports matched 'COLOUR_IN[5]'. [/home/s1786991/DSD4/VGA_interface/VGA_interface.srcs/constrs_1/new/vga_constraints.xdc:12]
CRITICAL WARNING: [Common 17-55] 'set_property' expects at least one object. [/home/s1786991/DSD4/VGA_interface/VGA_interface.srcs/constrs_1/new/vga_constraints.xdc:12]
Resolution: If [get_<value>] was used to populate the object, check to make sure this command returns at least one valid object.
WARNING: [Vivado 12-584] No ports matched 'COLOUR_IN[5]'. [/home/s1786991/DSD4/VGA_interface/VGA_interface.srcs/constrs_1/new/vga_constraints.xdc:13]
CRITICAL WARNING: [Common 17-55] 'set_property' expects at least one object. [/home/s1786991/DSD4/VGA_interface/VGA_interface.srcs/constrs_1/new/vga_constraints.xdc:13]
Resolution: If [get_<value>] was used to populate the object, check to make sure this command returns at least one valid object.
WARNING: [Vivado 12-584] No ports matched 'COLOUR_IN[6]'. [/home/s1786991/DSD4/VGA_interface/VGA_interface.srcs/constrs_1/new/vga_constraints.xdc:14]
CRITICAL WARNING: [Common 17-55] 'set_property' expects at least one object. [/home/s1786991/DSD4/VGA_interface/VGA_interface.srcs/constrs_1/new/vga_constraints.xdc:14]
Resolution: If [get_<value>] was used to populate the object, check to make sure this command returns at least one valid object.
WARNING: [Vivado 12-584] No ports matched 'COLOUR_IN[6]'. [/home/s1786991/DSD4/VGA_interface/VGA_interface.srcs/constrs_1/new/vga_constraints.xdc:15]
CRITICAL WARNING: [Common 17-55] 'set_property' expects at least one object. [/home/s1786991/DSD4/VGA_interface/VGA_interface.srcs/constrs_1/new/vga_constraints.xdc:15]
Resolution: If [get_<value>] was used to populate the object, check to make sure this command returns at least one valid object.
WARNING: [Vivado 12-584] No ports matched 'COLOUR_IN[7]'. [/home/s1786991/DSD4/VGA_interface/VGA_interface.srcs/constrs_1/new/vga_constraints.xdc:16]
CRITICAL WARNING: [Common 17-55] 'set_property' expects at least one object. [/home/s1786991/DSD4/VGA_interface/VGA_interface.srcs/constrs_1/new/vga_constraints.xdc:16]
Resolution: If [get_<value>] was used to populate the object, check to make sure this command returns at least one valid object.
WARNING: [Vivado 12-584] No ports matched 'COLOUR_IN[7]'. [/home/s1786991/DSD4/VGA_interface/VGA_interface.srcs/constrs_1/new/vga_constraints.xdc:17]
CRITICAL WARNING: [Common 17-55] 'set_property' expects at least one object. [/home/s1786991/DSD4/VGA_interface/VGA_interface.srcs/constrs_1/new/vga_constraints.xdc:17]
Resolution: If [get_<value>] was used to populate the object, check to make sure this command returns at least one valid object.
WARNING: [Vivado 12-584] No ports matched 'COLOUR_IN[8]'. [/home/s1786991/DSD4/VGA_interface/VGA_interface.srcs/constrs_1/new/vga_constraints.xdc:18]
CRITICAL WARNING: [Common 17-55] 'set_property' expects at least one object. [/home/s1786991/DSD4/VGA_interface/VGA_interface.srcs/constrs_1/new/vga_constraints.xdc:18]
Resolution: If [get_<value>] was used to populate the object, check to make sure this command returns at least one valid object.
WARNING: [Vivado 12-584] No ports matched 'COLOUR_IN[8]'. [/home/s1786991/DSD4/VGA_interface/VGA_interface.srcs/constrs_1/new/vga_constraints.xdc:19]
CRITICAL WARNING: [Common 17-55] 'set_property' expects at least one object. [/home/s1786991/DSD4/VGA_interface/VGA_interface.srcs/constrs_1/new/vga_constraints.xdc:19]
Resolution: If [get_<value>] was used to populate the object, check to make sure this command returns at least one valid object.
WARNING: [Vivado 12-584] No ports matched 'COLOUR_IN[9]'. [/home/s1786991/DSD4/VGA_interface/VGA_interface.srcs/constrs_1/new/vga_constraints.xdc:20]
CRITICAL WARNING: [Common 17-55] 'set_property' expects at least one object. [/home/s1786991/DSD4/VGA_interface/VGA_interface.srcs/constrs_1/new/vga_constraints.xdc:20]
Resolution: If [get_<value>] was used to populate the object, check to make sure this command returns at least one valid object.
WARNING: [Vivado 12-584] No ports matched 'COLOUR_IN[9]'. [/home/s1786991/DSD4/VGA_interface/VGA_interface.srcs/constrs_1/new/vga_constraints.xdc:21]
CRITICAL WARNING: [Common 17-55] 'set_property' expects at least one object. [/home/s1786991/DSD4/VGA_interface/VGA_interface.srcs/constrs_1/new/vga_constraints.xdc:21]
Resolution: If [get_<value>] was used to populate the object, check to make sure this command returns at least one valid object.
WARNING: [Vivado 12-584] No ports matched 'COLOUR_IN[10]'. [/home/s1786991/DSD4/VGA_interface/VGA_interface.srcs/constrs_1/new/vga_constraints.xdc:22]
CRITICAL WARNING: [Common 17-55] 'set_property' expects at least one object. [/home/s1786991/DSD4/VGA_interface/VGA_interface.srcs/constrs_1/new/vga_constraints.xdc:22]
Resolution: If [get_<value>] was used to populate the object, check to make sure this command returns at least one valid object.
WARNING: [Vivado 12-584] No ports matched 'COLOUR_IN[10]'. [/home/s1786991/DSD4/VGA_interface/VGA_interface.srcs/constrs_1/new/vga_constraints.xdc:23]
CRITICAL WARNING: [Common 17-55] 'set_property' expects at least one object. [/home/s1786991/DSD4/VGA_interface/VGA_interface.srcs/constrs_1/new/vga_constraints.xdc:23]
Resolution: If [get_<value>] was used to populate the object, check to make sure this command returns at least one valid object.
WARNING: [Vivado 12-584] No ports matched 'COLOUR_IN[11]'. [/home/s1786991/DSD4/VGA_interface/VGA_interface.srcs/constrs_1/new/vga_constraints.xdc:24]
CRITICAL WARNING: [Common 17-55] 'set_property' expects at least one object. [/home/s1786991/DSD4/VGA_interface/VGA_interface.srcs/constrs_1/new/vga_constraints.xdc:24]
Resolution: If [get_<value>] was used to populate the object, check to make sure this command returns at least one valid object.
WARNING: [Vivado 12-584] No ports matched 'COLOUR_IN[11]'. [/home/s1786991/DSD4/VGA_interface/VGA_interface.srcs/constrs_1/new/vga_constraints.xdc:25]
CRITICAL WARNING: [Common 17-55] 'set_property' expects at least one object. [/home/s1786991/DSD4/VGA_interface/VGA_interface.srcs/constrs_1/new/vga_constraints.xdc:25]
Resolution: If [get_<value>] was used to populate the object, check to make sure this command returns at least one valid object.
WARNING: [Vivado 12-584] No ports matched 'COLOUR_OUT[0]'. [/home/s1786991/DSD4/VGA_interface/VGA_interface.srcs/constrs_1/new/vga_constraints.xdc:28]
CRITICAL WARNING: [Common 17-55] 'set_property' expects at least one object. [/home/s1786991/DSD4/VGA_interface/VGA_interface.srcs/constrs_1/new/vga_constraints.xdc:28]
Resolution: If [get_<value>] was used to populate the object, check to make sure this command returns at least one valid object.
WARNING: [Vivado 12-584] No ports matched 'COLOUR_OUT[0]'. [/home/s1786991/DSD4/VGA_interface/VGA_interface.srcs/constrs_1/new/vga_constraints.xdc:29]
CRITICAL WARNING: [Common 17-55] 'set_property' expects at least one object. [/home/s1786991/DSD4/VGA_interface/VGA_interface.srcs/constrs_1/new/vga_constraints.xdc:29]
Resolution: If [get_<value>] was used to populate the object, check to make sure this command returns at least one valid object.
WARNING: [Vivado 12-584] No ports matched 'COLOUR_OUT[1]'. [/home/s1786991/DSD4/VGA_interface/VGA_interface.srcs/constrs_1/new/vga_constraints.xdc:30]
CRITICAL WARNING: [Common 17-55] 'set_property' expects at least one object. [/home/s1786991/DSD4/VGA_interface/VGA_interface.srcs/constrs_1/new/vga_constraints.xdc:30]
Resolution: If [get_<value>] was used to populate the object, check to make sure this command returns at least one valid object.
WARNING: [Vivado 12-584] No ports matched 'COLOUR_OUT[1]'. [/home/s1786991/DSD4/VGA_interface/VGA_interface.srcs/constrs_1/new/vga_constraints.xdc:31]
CRITICAL WARNING: [Common 17-55] 'set_property' expects at least one object. [/home/s1786991/DSD4/VGA_interface/VGA_interface.srcs/constrs_1/new/vga_constraints.xdc:31]
Resolution: If [get_<value>] was used to populate the object, check to make sure this command returns at least one valid object.
WARNING: [Vivado 12-584] No ports matched 'COLOUR_OUT[2]'. [/home/s1786991/DSD4/VGA_interface/VGA_interface.srcs/constrs_1/new/vga_constraints.xdc:32]
CRITICAL WARNING: [Common 17-55] 'set_property' expects at least one object. [/home/s1786991/DSD4/VGA_interface/VGA_interface.srcs/constrs_1/new/vga_constraints.xdc:32]
Resolution: If [get_<value>] was used to populate the object, check to make sure this command returns at least one valid object.
WARNING: [Vivado 12-584] No ports matched 'COLOUR_OUT[2]'. [/home/s1786991/DSD4/VGA_interface/VGA_interface.srcs/constrs_1/new/vga_constraints.xdc:33]
CRITICAL WARNING: [Common 17-55] 'set_property' expects at least one object. [/home/s1786991/DSD4/VGA_interface/VGA_interface.srcs/constrs_1/new/vga_constraints.xdc:33]
Resolution: If [get_<value>] was used to populate the object, check to make sure this command returns at least one valid object.
WARNING: [Vivado 12-584] No ports matched 'COLOUR_OUT[3]'. [/home/s1786991/DSD4/VGA_interface/VGA_interface.srcs/constrs_1/new/vga_constraints.xdc:34]
CRITICAL WARNING: [Common 17-55] 'set_property' expects at least one object. [/home/s1786991/DSD4/VGA_interface/VGA_interface.srcs/constrs_1/new/vga_constraints.xdc:34]
Resolution: If [get_<value>] was used to populate the object, check to make sure this command returns at least one valid object.
WARNING: [Vivado 12-584] No ports matched 'COLOUR_OUT[3]'. [/home/s1786991/DSD4/VGA_interface/VGA_interface.srcs/constrs_1/new/vga_constraints.xdc:35]
CRITICAL WARNING: [Common 17-55] 'set_property' expects at least one object. [/home/s1786991/DSD4/VGA_interface/VGA_interface.srcs/constrs_1/new/vga_constraints.xdc:35]
Resolution: If [get_<value>] was used to populate the object, check to make sure this command returns at least one valid object.
WARNING: [Vivado 12-584] No ports matched 'COLOUR_OUT[4]'. [/home/s1786991/DSD4/VGA_interface/VGA_interface.srcs/constrs_1/new/vga_constraints.xdc:36]
CRITICAL WARNING: [Common 17-55] 'set_property' expects at least one object. [/home/s1786991/DSD4/VGA_interface/VGA_interface.srcs/constrs_1/new/vga_constraints.xdc:36]
Resolution: If [get_<value>] was used to populate the object, check to make sure this command returns at least one valid object.
WARNING: [Vivado 12-584] No ports matched 'COLOUR_OUT[4]'. [/home/s1786991/DSD4/VGA_interface/VGA_interface.srcs/constrs_1/new/vga_constraints.xdc:37]
CRITICAL WARNING: [Common 17-55] 'set_property' expects at least one object. [/home/s1786991/DSD4/VGA_interface/VGA_interface.srcs/constrs_1/new/vga_constraints.xdc:37]
Resolution: If [get_<value>] was used to populate the object, check to make sure this command returns at least one valid object.
WARNING: [Vivado 12-584] No ports matched 'COLOUR_OUT[5]'. [/home/s1786991/DSD4/VGA_interface/VGA_interface.srcs/constrs_1/new/vga_constraints.xdc:38]
CRITICAL WARNING: [Common 17-55] 'set_property' expects at least one object. [/home/s1786991/DSD4/VGA_interface/VGA_interface.srcs/constrs_1/new/vga_constraints.xdc:38]
Resolution: If [get_<value>] was used to populate the object, check to make sure this command returns at least one valid object.
WARNING: [Vivado 12-584] No ports matched 'COLOUR_OUT[5]'. [/home/s1786991/DSD4/VGA_interface/VGA_interface.srcs/constrs_1/new/vga_constraints.xdc:39]
CRITICAL WARNING: [Common 17-55] 'set_property' expects at least one object. [/home/s1786991/DSD4/VGA_interface/VGA_interface.srcs/constrs_1/new/vga_constraints.xdc:39]
Resolution: If [get_<value>] was used to populate the object, check to make sure this command returns at least one valid object.
WARNING: [Vivado 12-584] No ports matched 'COLOUR_OUT[6]'. [/home/s1786991/DSD4/VGA_interface/VGA_interface.srcs/constrs_1/new/vga_constraints.xdc:40]
CRITICAL WARNING: [Common 17-55] 'set_property' expects at least one object. [/home/s1786991/DSD4/VGA_interface/VGA_interface.srcs/constrs_1/new/vga_constraints.xdc:40]
Resolution: If [get_<value>] was used to populate the object, check to make sure this command returns at least one valid object.
WARNING: [Vivado 12-584] No ports matched 'COLOUR_OUT[6]'. [/home/s1786991/DSD4/VGA_interface/VGA_interface.srcs/constrs_1/new/vga_constraints.xdc:41]
CRITICAL WARNING: [Common 17-55] 'set_property' expects at least one object. [/home/s1786991/DSD4/VGA_interface/VGA_interface.srcs/constrs_1/new/vga_constraints.xdc:41]
Resolution: If [get_<value>] was used to populate the object, check to make sure this command returns at least one valid object.
WARNING: [Vivado 12-584] No ports matched 'COLOUR_OUT[7]'. [/home/s1786991/DSD4/VGA_interface/VGA_interface.srcs/constrs_1/new/vga_constraints.xdc:42]
CRITICAL WARNING: [Common 17-55] 'set_property' expects at least one object. [/home/s1786991/DSD4/VGA_interface/VGA_interface.srcs/constrs_1/new/vga_constraints.xdc:42]
Resolution: If [get_<value>] was used to populate the object, check to make sure this command returns at least one valid object.
WARNING: [Vivado 12-584] No ports matched 'COLOUR_OUT[7]'. [/home/s1786991/DSD4/VGA_interface/VGA_interface.srcs/constrs_1/new/vga_constraints.xdc:43]
CRITICAL WARNING: [Common 17-55] 'set_property' expects at least one object. [/home/s1786991/DSD4/VGA_interface/VGA_interface.srcs/constrs_1/new/vga_constraints.xdc:43]
Resolution: If [get_<value>] was used to populate the object, check to make sure this command returns at least one valid object.
WARNING: [Vivado 12-584] No ports matched 'COLOUR_OUT[8]'. [/home/s1786991/DSD4/VGA_interface/VGA_interface.srcs/constrs_1/new/vga_constraints.xdc:44]
CRITICAL WARNING: [Common 17-55] 'set_property' expects at least one object. [/home/s1786991/DSD4/VGA_interface/VGA_interface.srcs/constrs_1/new/vga_constraints.xdc:44]
Resolution: If [get_<value>] was used to populate the object, check to make sure this command returns at least one valid object.
WARNING: [Vivado 12-584] No ports matched 'COLOUR_OUT[8]'. [/home/s1786991/DSD4/VGA_interface/VGA_interface.srcs/constrs_1/new/vga_constraints.xdc:45]
CRITICAL WARNING: [Common 17-55] 'set_property' expects at least one object. [/home/s1786991/DSD4/VGA_interface/VGA_interface.srcs/constrs_1/new/vga_constraints.xdc:45]
Resolution: If [get_<value>] was used to populate the object, check to make sure this command returns at least one valid object.
WARNING: [Vivado 12-584] No ports matched 'COLOUR_OUT[9]'. [/home/s1786991/DSD4/VGA_interface/VGA_interface.srcs/constrs_1/new/vga_constraints.xdc:46]
CRITICAL WARNING: [Common 17-55] 'set_property' expects at least one object. [/home/s1786991/DSD4/VGA_interface/VGA_interface.srcs/constrs_1/new/vga_constraints.xdc:46]
Resolution: If [get_<value>] was used to populate the object, check to make sure this command returns at least one valid object.
WARNING: [Vivado 12-584] No ports matched 'COLOUR_OUT[9]'. [/home/s1786991/DSD4/VGA_interface/VGA_interface.srcs/constrs_1/new/vga_constraints.xdc:47]
CRITICAL WARNING: [Common 17-55] 'set_property' expects at least one object. [/home/s1786991/DSD4/VGA_interface/VGA_interface.srcs/constrs_1/new/vga_constraints.xdc:47]
Resolution: If [get_<value>] was used to populate the object, check to make sure this command returns at least one valid object.
WARNING: [Vivado 12-584] No ports matched 'COLOUR_OUT[10]'. [/home/s1786991/DSD4/VGA_interface/VGA_interface.srcs/constrs_1/new/vga_constraints.xdc:48]
CRITICAL WARNING: [Common 17-55] 'set_property' expects at least one object. [/home/s1786991/DSD4/VGA_interface/VGA_interface.srcs/constrs_1/new/vga_constraints.xdc:48]
Resolution: If [get_<value>] was used to populate the object, check to make sure this command returns at least one valid object.
WARNING: [Vivado 12-584] No ports matched 'COLOUR_OUT[10]'. [/home/s1786991/DSD4/VGA_interface/VGA_interface.srcs/constrs_1/new/vga_constraints.xdc:49]
CRITICAL WARNING: [Common 17-55] 'set_property' expects at least one object. [/home/s1786991/DSD4/VGA_interface/VGA_interface.srcs/constrs_1/new/vga_constraints.xdc:49]
Resolution: If [get_<value>] was used to populate the object, check to make sure this command returns at least one valid object.
WARNING: [Vivado 12-584] No ports matched 'COLOUR_OUT[11]'. [/home/s1786991/DSD4/VGA_interface/VGA_interface.srcs/constrs_1/new/vga_constraints.xdc:50]
CRITICAL WARNING: [Common 17-55] 'set_property' expects at least one object. [/home/s1786991/DSD4/VGA_interface/VGA_interface.srcs/constrs_1/new/vga_constraints.xdc:50]
Resolution: If [get_<value>] was used to populate the object, check to make sure this command returns at least one valid object.
WARNING: [Vivado 12-584] No ports matched 'COLOUR_OUT[11]'. [/home/s1786991/DSD4/VGA_interface/VGA_interface.srcs/constrs_1/new/vga_constraints.xdc:51]
CRITICAL WARNING: [Common 17-55] 'set_property' expects at least one object. [/home/s1786991/DSD4/VGA_interface/VGA_interface.srcs/constrs_1/new/vga_constraints.xdc:51]
Resolution: If [get_<value>] was used to populate the object, check to make sure this command returns at least one valid object.
WARNING: [Vivado 12-584] No ports matched 'HS'. [/home/s1786991/DSD4/VGA_interface/VGA_interface.srcs/constrs_1/new/vga_constraints.xdc:58]
CRITICAL WARNING: [Common 17-55] 'set_property' expects at least one object. [/home/s1786991/DSD4/VGA_interface/VGA_interface.srcs/constrs_1/new/vga_constraints.xdc:58]
Resolution: If [get_<value>] was used to populate the object, check to make sure this command returns at least one valid object.
WARNING: [Vivado 12-584] No ports matched 'HS'. [/home/s1786991/DSD4/VGA_interface/VGA_interface.srcs/constrs_1/new/vga_constraints.xdc:59]
CRITICAL WARNING: [Common 17-55] 'set_property' expects at least one object. [/home/s1786991/DSD4/VGA_interface/VGA_interface.srcs/constrs_1/new/vga_constraints.xdc:59]
Resolution: If [get_<value>] was used to populate the object, check to make sure this command returns at least one valid object.
WARNING: [Vivado 12-584] No ports matched 'VS'. [/home/s1786991/DSD4/VGA_interface/VGA_interface.srcs/constrs_1/new/vga_constraints.xdc:60]
CRITICAL WARNING: [Common 17-55] 'set_property' expects at least one object. [/home/s1786991/DSD4/VGA_interface/VGA_interface.srcs/constrs_1/new/vga_constraints.xdc:60]
Resolution: If [get_<value>] was used to populate the object, check to make sure this command returns at least one valid object.
WARNING: [Vivado 12-584] No ports matched 'VS'. [/home/s1786991/DSD4/VGA_interface/VGA_interface.srcs/constrs_1/new/vga_constraints.xdc:61]
CRITICAL WARNING: [Common 17-55] 'set_property' expects at least one object. [/home/s1786991/DSD4/VGA_interface/VGA_interface.srcs/constrs_1/new/vga_constraints.xdc:61]
Resolution: If [get_<value>] was used to populate the object, check to make sure this command returns at least one valid object.
Finished Parsing XDC File [/home/s1786991/DSD4/VGA_interface/VGA_interface.srcs/constrs_1/new/vga_constraints.xdc]
INFO: [Opt 31-138] Pushed 0 inverter(s) to 0 load pin(s).
INFO: [Project 1-111] Unisim Transformation Summary:
No Unisim elements were transformed.

Command: opt_design
Attempting to get a license for feature 'Implementation' and/or device 'xc7a35t'
INFO: [Common 17-349] Got license for feature 'Implementation' and/or device 'xc7a35t'
INFO: [Common 17-1223] The version limit for your license is '2015.12' and will expire in -1145 days. A version limit expiration means that, although you may be able to continue to use the current version of tools or IP with this license, you will not be eligible for any updates or new releases.
Running DRC as a precondition to command opt_design

Starting DRC Task
INFO: [DRC 23-27] Running DRC with 8 threads
INFO: [Project 1-461] DRC finished with 0 Errors
INFO: [Project 1-462] Please refer to the DRC report (report_drc) for more information.

Time (s): cpu = 00:00:00.12 ; elapsed = 00:00:00.20 . Memory (MB): peak = 1292.082 ; gain = 11.027 ; free physical = 484 ; free virtual = 89556
INFO: [Timing 38-35] Done setting XDC timing constraints.

Starting Logic Optimization Task

Phase 1 Retarget

INFO: [Opt 31-138] Pushed 0 inverter(s) to 0 load pin(s).
INFO: [Opt 31-49] Retargeted 0 cell(s).
Phase 1 Retarget | Checksum: 1c8e07134

Time (s): cpu = 00:00:00 ; elapsed = 00:00:00.01 . Memory (MB): peak = 1709.543 ; gain = 0.000 ; free physical = 230 ; free virtual = 89218

Phase 2 Constant Propagation
INFO: [Opt 31-138] Pushed 0 inverter(s) to 0 load pin(s).
INFO: [Opt 31-10] Eliminated 0 cells.
Phase 2 Constant Propagation | Checksum: 1c8e07134

Time (s): cpu = 00:00:00.01 ; elapsed = 00:00:00.01 . Memory (MB): peak = 1709.543 ; gain = 0.000 ; free physical = 230 ; free virtual = 89218

Phase 3 Sweep
INFO: [Opt 31-12] Eliminated 19 unconnected nets.
INFO: [Opt 31-11] Eliminated 0 unconnected cells.
Phase 3 Sweep | Checksum: 1ac39ecd6

Time (s): cpu = 00:00:00.01 ; elapsed = 00:00:00.02 . Memory (MB): peak = 1709.543 ; gain = 0.000 ; free physical = 230 ; free virtual = 89218

Starting Connectivity Check Task
ERROR: [Opt 31-37] Multi-driver net found in the design: VerSynCounter/DOBDO[0].
Resolution: Please modify the design to fix the error. Ensure that the specific net has only one driver. Once the design is modified, then re-run the Vivado flow.


Time (s): cpu = 00:00:00 ; elapsed = 00:00:00.02 . Memory (MB): peak = 1709.543 ; gain = 0.000 ; free physical = 229 ; free virtual = 89219
Implement Debug Cores | Checksum: 201608b76
Logic Optimization | Checksum: 201608b76
Ending Logic Optimization Task | Checksum: 1ac39ecd6

Time (s): cpu = 00:00:00.01 ; elapsed = 00:00:00.05 . Memory (MB): peak = 1709.543 ; gain = 0.000 ; free physical = 229 ; free virtual = 89219
INFO: [Common 17-83] Releasing license: Implementation
20 Infos, 52 Warnings, 52 Critical Warnings and 2 Errors encountered.
opt_design failed
INFO: [Common 17-206] Exiting Vivado at Mon Feb 18 12:46:35 2019...
