
*** Running vivado
    with args -log VGA_Sig_Gen.vds -m64 -mode batch -messageDb vivado.pb -notrace -source VGA_Sig_Gen.tcl


****** Vivado v2015.2 (64-bit)
  **** SW Build 1266856 on Fri Jun 26 16:35:25 MDT 2015
  **** IP Build 1264090 on Wed Jun 24 14:22:01 MDT 2015
    ** Copyright 1986-2015 Xilinx, Inc. All Rights Reserved.

source VGA_Sig_Gen.tcl -notrace
Command: synth_design -top VGA_Sig_Gen -part xc7a35tcpg236-1
Starting synth_design
Attempting to get a license for feature 'Synthesis' and/or device 'xc7a35t'
INFO: [Common 17-349] Got license for feature 'Synthesis' and/or device 'xc7a35t'
INFO: [Common 17-1223] The version limit for your license is '2015.12' and will expire in -1145 days. A version limit expiration means that, although you may be able to continue to use the current version of tools or IP with this license, you will not be eligible for any updates or new releases.
---------------------------------------------------------------------------------
Starting RTL Elaboration : Time (s): cpu = 00:00:04 ; elapsed = 00:00:04 . Memory (MB): peak = 1054.473 ; gain = 154.520 ; free physical = 608 ; free virtual = 89711
---------------------------------------------------------------------------------
INFO: [Synth 8-638] synthesizing module 'VGA_Sig_Gen' [/home/s1786991/DSD4/VGA_interface/VGA_interface.srcs/sources_1/new/VGA_Sig_Gen.v:22]
	Parameter HTs bound to: 800 - type: integer 
	Parameter HTpw bound to: 96 - type: integer 
	Parameter HTDisp bound to: 640 - type: integer 
	Parameter Hbp bound to: 48 - type: integer 
	Parameter Hfp bound to: 16 - type: integer 
	Parameter VTs bound to: 521 - type: integer 
	Parameter VTpw bound to: 2 - type: integer 
	Parameter VTDisp bound to: 480 - type: integer 
	Parameter Vbp bound to: 29 - type: integer 
	Parameter Vfp bound to: 10 - type: integer 
INFO: [Synth 8-638] synthesizing module 'Generic_Counter' [/home/s1786991/DSD4/VGA_interface/VGA_interface.srcs/sources_1/new/Generic_Counter.v:23]
	Parameter COUNTER_WIDTH bound to: 2 - type: integer 
	Parameter COUNTER_MAX bound to: 3 - type: integer 
INFO: [Synth 8-256] done synthesizing module 'Generic_Counter' (1#1) [/home/s1786991/DSD4/VGA_interface/VGA_interface.srcs/sources_1/new/Generic_Counter.v:23]
WARNING: [Synth 8-350] instance 'Bit2Counter' of module 'Generic_Counter' requires 5 connections, but only 4 given [/home/s1786991/DSD4/VGA_interface/VGA_interface.srcs/sources_1/new/VGA_Sig_Gen.v:44]
INFO: [Synth 8-638] synthesizing module 'Generic_Counter__parameterized0' [/home/s1786991/DSD4/VGA_interface/VGA_interface.srcs/sources_1/new/Generic_Counter.v:23]
	Parameter COUNTER_WIDTH bound to: 10 - type: integer 
	Parameter COUNTER_MAX bound to: 799 - type: integer 
INFO: [Synth 8-256] done synthesizing module 'Generic_Counter__parameterized0' (1#1) [/home/s1786991/DSD4/VGA_interface/VGA_interface.srcs/sources_1/new/Generic_Counter.v:23]
INFO: [Synth 8-638] synthesizing module 'Generic_Counter__parameterized1' [/home/s1786991/DSD4/VGA_interface/VGA_interface.srcs/sources_1/new/Generic_Counter.v:23]
	Parameter COUNTER_WIDTH bound to: 9 - type: integer 
	Parameter COUNTER_MAX bound to: 520 - type: integer 
INFO: [Synth 8-256] done synthesizing module 'Generic_Counter__parameterized1' (1#1) [/home/s1786991/DSD4/VGA_interface/VGA_interface.srcs/sources_1/new/Generic_Counter.v:23]
INFO: [Synth 8-638] synthesizing module 'Frame_Buffer' [/home/s1786991/DSD4/VGA_interface/VGA_interface.srcs/sources_1/new/Frame_Buffer.v:23]
INFO: [Synth 8-256] done synthesizing module 'Frame_Buffer' (2#1) [/home/s1786991/DSD4/VGA_interface/VGA_interface.srcs/sources_1/new/Frame_Buffer.v:23]
WARNING: [Synth 8-350] instance 'frame_buffer' of module 'Frame_Buffer' requires 8 connections, but only 3 given [/home/s1786991/DSD4/VGA_interface/VGA_interface.srcs/sources_1/new/VGA_Sig_Gen.v:118]
INFO: [Synth 8-256] done synthesizing module 'VGA_Sig_Gen' (3#1) [/home/s1786991/DSD4/VGA_interface/VGA_interface.srcs/sources_1/new/VGA_Sig_Gen.v:22]
---------------------------------------------------------------------------------
Finished RTL Elaboration : Time (s): cpu = 00:00:04 ; elapsed = 00:00:05 . Memory (MB): peak = 1090.770 ; gain = 190.816 ; free physical = 571 ; free virtual = 89674
---------------------------------------------------------------------------------

Report Check Netlist: 
+------+------------------+-------+---------+-------+------------------+
|      |Item              |Errors |Warnings |Status |Description       |
+------+------------------+-------+---------+-------+------------------+
|1     |multi_driven_nets |      0|        0|Passed |Multi driven nets |
+------+------------------+-------+---------+-------+------------------+
WARNING: [Synth 8-3295] tying undriven pin frame_buffer:A_CLK to constant 0 [/home/s1786991/DSD4/VGA_interface/VGA_interface.srcs/sources_1/new/VGA_Sig_Gen.v:118]
WARNING: [Synth 8-3295] tying undriven pin frame_buffer:A_ADDR[14] to constant 0 [/home/s1786991/DSD4/VGA_interface/VGA_interface.srcs/sources_1/new/VGA_Sig_Gen.v:118]
WARNING: [Synth 8-3295] tying undriven pin frame_buffer:A_ADDR[13] to constant 0 [/home/s1786991/DSD4/VGA_interface/VGA_interface.srcs/sources_1/new/VGA_Sig_Gen.v:118]
WARNING: [Synth 8-3295] tying undriven pin frame_buffer:A_ADDR[12] to constant 0 [/home/s1786991/DSD4/VGA_interface/VGA_interface.srcs/sources_1/new/VGA_Sig_Gen.v:118]
WARNING: [Synth 8-3295] tying undriven pin frame_buffer:A_ADDR[11] to constant 0 [/home/s1786991/DSD4/VGA_interface/VGA_interface.srcs/sources_1/new/VGA_Sig_Gen.v:118]
WARNING: [Synth 8-3295] tying undriven pin frame_buffer:A_ADDR[10] to constant 0 [/home/s1786991/DSD4/VGA_interface/VGA_interface.srcs/sources_1/new/VGA_Sig_Gen.v:118]
WARNING: [Synth 8-3295] tying undriven pin frame_buffer:A_ADDR[9] to constant 0 [/home/s1786991/DSD4/VGA_interface/VGA_interface.srcs/sources_1/new/VGA_Sig_Gen.v:118]
WARNING: [Synth 8-3295] tying undriven pin frame_buffer:A_ADDR[8] to constant 0 [/home/s1786991/DSD4/VGA_interface/VGA_interface.srcs/sources_1/new/VGA_Sig_Gen.v:118]
WARNING: [Synth 8-3295] tying undriven pin frame_buffer:A_ADDR[7] to constant 0 [/home/s1786991/DSD4/VGA_interface/VGA_interface.srcs/sources_1/new/VGA_Sig_Gen.v:118]
WARNING: [Synth 8-3295] tying undriven pin frame_buffer:A_ADDR[6] to constant 0 [/home/s1786991/DSD4/VGA_interface/VGA_interface.srcs/sources_1/new/VGA_Sig_Gen.v:118]
WARNING: [Synth 8-3295] tying undriven pin frame_buffer:A_ADDR[5] to constant 0 [/home/s1786991/DSD4/VGA_interface/VGA_interface.srcs/sources_1/new/VGA_Sig_Gen.v:118]
WARNING: [Synth 8-3295] tying undriven pin frame_buffer:A_ADDR[4] to constant 0 [/home/s1786991/DSD4/VGA_interface/VGA_interface.srcs/sources_1/new/VGA_Sig_Gen.v:118]
WARNING: [Synth 8-3295] tying undriven pin frame_buffer:A_ADDR[3] to constant 0 [/home/s1786991/DSD4/VGA_interface/VGA_interface.srcs/sources_1/new/VGA_Sig_Gen.v:118]
WARNING: [Synth 8-3295] tying undriven pin frame_buffer:A_ADDR[2] to constant 0 [/home/s1786991/DSD4/VGA_interface/VGA_interface.srcs/sources_1/new/VGA_Sig_Gen.v:118]
WARNING: [Synth 8-3295] tying undriven pin frame_buffer:A_ADDR[1] to constant 0 [/home/s1786991/DSD4/VGA_interface/VGA_interface.srcs/sources_1/new/VGA_Sig_Gen.v:118]
WARNING: [Synth 8-3295] tying undriven pin frame_buffer:A_ADDR[0] to constant 0 [/home/s1786991/DSD4/VGA_interface/VGA_interface.srcs/sources_1/new/VGA_Sig_Gen.v:118]
WARNING: [Synth 8-3295] tying undriven pin frame_buffer:A_DATA_IN to constant 0 [/home/s1786991/DSD4/VGA_interface/VGA_interface.srcs/sources_1/new/VGA_Sig_Gen.v:118]
WARNING: [Synth 8-3295] tying undriven pin frame_buffer:A_WE to constant 0 [/home/s1786991/DSD4/VGA_interface/VGA_interface.srcs/sources_1/new/VGA_Sig_Gen.v:118]
---------------------------------------------------------------------------------
Finished RTL Optimization Phase 1 : Time (s): cpu = 00:00:05 ; elapsed = 00:00:05 . Memory (MB): peak = 1090.770 ; gain = 190.816 ; free physical = 571 ; free virtual = 89674
---------------------------------------------------------------------------------
INFO: [Device 21-403] Loading part xc7a35tcpg236-1
INFO: [Project 1-570] Preparing netlist for logic optimization

Processing XDC Constraints
Initializing timing engine
Parsing XDC File [/home/s1786991/DSD4/VGA_interface/VGA_interface.srcs/constrs_1/new/vga_constraints.xdc]
WARNING: [Vivado 12-584] No ports matched 'COLOUR_IN[0]'. [/home/s1786991/DSD4/VGA_interface/VGA_interface.srcs/constrs_1/new/vga_constraints.xdc:2]
CRITICAL WARNING: [Common 17-55] 'set_property' expects at least one object. [/home/s1786991/DSD4/VGA_interface/VGA_interface.srcs/constrs_1/new/vga_constraints.xdc:2]
Resolution: If [get_<value>] was used to populate the object, check to make sure this command returns at least one valid object.
WARNING: [Vivado 12-584] No ports matched 'COLOUR_IN[0]'. [/home/s1786991/DSD4/VGA_interface/VGA_interface.srcs/constrs_1/new/vga_constraints.xdc:3]
CRITICAL WARNING: [Common 17-55] 'set_property' expects at least one object. [/home/s1786991/DSD4/VGA_interface/VGA_interface.srcs/constrs_1/new/vga_constraints.xdc:3]
Resolution: If [get_<value>] was used to populate the object, check to make sure this command returns at least one valid object.
WARNING: [Vivado 12-584] No ports matched 'COLOUR_IN[1]'. [/home/s1786991/DSD4/VGA_interface/VGA_interface.srcs/constrs_1/new/vga_constraints.xdc:4]
CRITICAL WARNING: [Common 17-55] 'set_property' expects at least one object. [/home/s1786991/DSD4/VGA_interface/VGA_interface.srcs/constrs_1/new/vga_constraints.xdc:4]
Resolution: If [get_<value>] was used to populate the object, check to make sure this command returns at least one valid object.
WARNING: [Vivado 12-584] No ports matched 'COLOUR_IN[1]'. [/home/s1786991/DSD4/VGA_interface/VGA_interface.srcs/constrs_1/new/vga_constraints.xdc:5]
CRITICAL WARNING: [Common 17-55] 'set_property' expects at least one object. [/home/s1786991/DSD4/VGA_interface/VGA_interface.srcs/constrs_1/new/vga_constraints.xdc:5]
Resolution: If [get_<value>] was used to populate the object, check to make sure this command returns at least one valid object.
WARNING: [Vivado 12-584] No ports matched 'COLOUR_IN[2]'. [/home/s1786991/DSD4/VGA_interface/VGA_interface.srcs/constrs_1/new/vga_constraints.xdc:6]
CRITICAL WARNING: [Common 17-55] 'set_property' expects at least one object. [/home/s1786991/DSD4/VGA_interface/VGA_interface.srcs/constrs_1/new/vga_constraints.xdc:6]
Resolution: If [get_<value>] was used to populate the object, check to make sure this command returns at least one valid object.
WARNING: [Vivado 12-584] No ports matched 'COLOUR_IN[2]'. [/home/s1786991/DSD4/VGA_interface/VGA_interface.srcs/constrs_1/new/vga_constraints.xdc:7]
CRITICAL WARNING: [Common 17-55] 'set_property' expects at least one object. [/home/s1786991/DSD4/VGA_interface/VGA_interface.srcs/constrs_1/new/vga_constraints.xdc:7]
Resolution: If [get_<value>] was used to populate the object, check to make sure this command returns at least one valid object.
WARNING: [Vivado 12-584] No ports matched 'COLOUR_IN[3]'. [/home/s1786991/DSD4/VGA_interface/VGA_interface.srcs/constrs_1/new/vga_constraints.xdc:8]
CRITICAL WARNING: [Common 17-55] 'set_property' expects at least one object. [/home/s1786991/DSD4/VGA_interface/VGA_interface.srcs/constrs_1/new/vga_constraints.xdc:8]
Resolution: If [get_<value>] was used to populate the object, check to make sure this command returns at least one valid object.
WARNING: [Vivado 12-584] No ports matched 'COLOUR_IN[3]'. [/home/s1786991/DSD4/VGA_interface/VGA_interface.srcs/constrs_1/new/vga_constraints.xdc:9]
CRITICAL WARNING: [Common 17-55] 'set_property' expects at least one object. [/home/s1786991/DSD4/VGA_interface/VGA_interface.srcs/constrs_1/new/vga_constraints.xdc:9]
Resolution: If [get_<value>] was used to populate the object, check to make sure this command returns at least one valid object.
WARNING: [Vivado 12-584] No ports matched 'COLOUR_IN[4]'. [/home/s1786991/DSD4/VGA_interface/VGA_interface.srcs/constrs_1/new/vga_constraints.xdc:10]
CRITICAL WARNING: [Common 17-55] 'set_property' expects at least one object. [/home/s1786991/DSD4/VGA_interface/VGA_interface.srcs/constrs_1/new/vga_constraints.xdc:10]
Resolution: If [get_<value>] was used to populate the object, check to make sure this command returns at least one valid object.
WARNING: [Vivado 12-584] No ports matched 'COLOUR_IN[4]'. [/home/s1786991/DSD4/VGA_interface/VGA_interface.srcs/constrs_1/new/vga_constraints.xdc:11]
CRITICAL WARNING: [Common 17-55] 'set_property' expects at least one object. [/home/s1786991/DSD4/VGA_interface/VGA_interface.srcs/constrs_1/new/vga_constraints.xdc:11]
Resolution: If [get_<value>] was used to populate the object, check to make sure this command returns at least one valid object.
WARNING: [Vivado 12-584] No ports matched 'COLOUR_IN[5]'. [/home/s1786991/DSD4/VGA_interface/VGA_interface.srcs/constrs_1/new/vga_constraints.xdc:12]
CRITICAL WARNING: [Common 17-55] 'set_property' expects at least one object. [/home/s1786991/DSD4/VGA_interface/VGA_interface.srcs/constrs_1/new/vga_constraints.xdc:12]
Resolution: If [get_<value>] was used to populate the object, check to make sure this command returns at least one valid object.
WARNING: [Vivado 12-584] No ports matched 'COLOUR_IN[5]'. [/home/s1786991/DSD4/VGA_interface/VGA_interface.srcs/constrs_1/new/vga_constraints.xdc:13]
CRITICAL WARNING: [Common 17-55] 'set_property' expects at least one object. [/home/s1786991/DSD4/VGA_interface/VGA_interface.srcs/constrs_1/new/vga_constraints.xdc:13]
Resolution: If [get_<value>] was used to populate the object, check to make sure this command returns at least one valid object.
WARNING: [Vivado 12-584] No ports matched 'COLOUR_IN[6]'. [/home/s1786991/DSD4/VGA_interface/VGA_interface.srcs/constrs_1/new/vga_constraints.xdc:14]
CRITICAL WARNING: [Common 17-55] 'set_property' expects at least one object. [/home/s1786991/DSD4/VGA_interface/VGA_interface.srcs/constrs_1/new/vga_constraints.xdc:14]
Resolution: If [get_<value>] was used to populate the object, check to make sure this command returns at least one valid object.
WARNING: [Vivado 12-584] No ports matched 'COLOUR_IN[6]'. [/home/s1786991/DSD4/VGA_interface/VGA_interface.srcs/constrs_1/new/vga_constraints.xdc:15]
CRITICAL WARNING: [Common 17-55] 'set_property' expects at least one object. [/home/s1786991/DSD4/VGA_interface/VGA_interface.srcs/constrs_1/new/vga_constraints.xdc:15]
Resolution: If [get_<value>] was used to populate the object, check to make sure this command returns at least one valid object.
WARNING: [Vivado 12-584] No ports matched 'COLOUR_IN[7]'. [/home/s1786991/DSD4/VGA_interface/VGA_interface.srcs/constrs_1/new/vga_constraints.xdc:16]
CRITICAL WARNING: [Common 17-55] 'set_property' expects at least one object. [/home/s1786991/DSD4/VGA_interface/VGA_interface.srcs/constrs_1/new/vga_constraints.xdc:16]
Resolution: If [get_<value>] was used to populate the object, check to make sure this command returns at least one valid object.
WARNING: [Vivado 12-584] No ports matched 'COLOUR_IN[7]'. [/home/s1786991/DSD4/VGA_interface/VGA_interface.srcs/constrs_1/new/vga_constraints.xdc:17]
CRITICAL WARNING: [Common 17-55] 'set_property' expects at least one object. [/home/s1786991/DSD4/VGA_interface/VGA_interface.srcs/constrs_1/new/vga_constraints.xdc:17]
Resolution: If [get_<value>] was used to populate the object, check to make sure this command returns at least one valid object.
WARNING: [Vivado 12-584] No ports matched 'COLOUR_IN[8]'. [/home/s1786991/DSD4/VGA_interface/VGA_interface.srcs/constrs_1/new/vga_constraints.xdc:18]
CRITICAL WARNING: [Common 17-55] 'set_property' expects at least one object. [/home/s1786991/DSD4/VGA_interface/VGA_interface.srcs/constrs_1/new/vga_constraints.xdc:18]
Resolution: If [get_<value>] was used to populate the object, check to make sure this command returns at least one valid object.
WARNING: [Vivado 12-584] No ports matched 'COLOUR_IN[8]'. [/home/s1786991/DSD4/VGA_interface/VGA_interface.srcs/constrs_1/new/vga_constraints.xdc:19]
CRITICAL WARNING: [Common 17-55] 'set_property' expects at least one object. [/home/s1786991/DSD4/VGA_interface/VGA_interface.srcs/constrs_1/new/vga_constraints.xdc:19]
Resolution: If [get_<value>] was used to populate the object, check to make sure this command returns at least one valid object.
WARNING: [Vivado 12-584] No ports matched 'COLOUR_IN[9]'. [/home/s1786991/DSD4/VGA_interface/VGA_interface.srcs/constrs_1/new/vga_constraints.xdc:20]
CRITICAL WARNING: [Common 17-55] 'set_property' expects at least one object. [/home/s1786991/DSD4/VGA_interface/VGA_interface.srcs/constrs_1/new/vga_constraints.xdc:20]
Resolution: If [get_<value>] was used to populate the object, check to make sure this command returns at least one valid object.
WARNING: [Vivado 12-584] No ports matched 'COLOUR_IN[9]'. [/home/s1786991/DSD4/VGA_interface/VGA_interface.srcs/constrs_1/new/vga_constraints.xdc:21]
CRITICAL WARNING: [Common 17-55] 'set_property' expects at least one object. [/home/s1786991/DSD4/VGA_interface/VGA_interface.srcs/constrs_1/new/vga_constraints.xdc:21]
Resolution: If [get_<value>] was used to populate the object, check to make sure this command returns at least one valid object.
WARNING: [Vivado 12-584] No ports matched 'COLOUR_IN[10]'. [/home/s1786991/DSD4/VGA_interface/VGA_interface.srcs/constrs_1/new/vga_constraints.xdc:22]
CRITICAL WARNING: [Common 17-55] 'set_property' expects at least one object. [/home/s1786991/DSD4/VGA_interface/VGA_interface.srcs/constrs_1/new/vga_constraints.xdc:22]
Resolution: If [get_<value>] was used to populate the object, check to make sure this command returns at least one valid object.
WARNING: [Vivado 12-584] No ports matched 'COLOUR_IN[10]'. [/home/s1786991/DSD4/VGA_interface/VGA_interface.srcs/constrs_1/new/vga_constraints.xdc:23]
CRITICAL WARNING: [Common 17-55] 'set_property' expects at least one object. [/home/s1786991/DSD4/VGA_interface/VGA_interface.srcs/constrs_1/new/vga_constraints.xdc:23]
Resolution: If [get_<value>] was used to populate the object, check to make sure this command returns at least one valid object.
WARNING: [Vivado 12-584] No ports matched 'COLOUR_IN[11]'. [/home/s1786991/DSD4/VGA_interface/VGA_interface.srcs/constrs_1/new/vga_constraints.xdc:24]
CRITICAL WARNING: [Common 17-55] 'set_property' expects at least one object. [/home/s1786991/DSD4/VGA_interface/VGA_interface.srcs/constrs_1/new/vga_constraints.xdc:24]
Resolution: If [get_<value>] was used to populate the object, check to make sure this command returns at least one valid object.
WARNING: [Vivado 12-584] No ports matched 'COLOUR_IN[11]'. [/home/s1786991/DSD4/VGA_interface/VGA_interface.srcs/constrs_1/new/vga_constraints.xdc:25]
CRITICAL WARNING: [Common 17-55] 'set_property' expects at least one object. [/home/s1786991/DSD4/VGA_interface/VGA_interface.srcs/constrs_1/new/vga_constraints.xdc:25]
Resolution: If [get_<value>] was used to populate the object, check to make sure this command returns at least one valid object.
WARNING: [Vivado 12-584] No ports matched 'COLOUR_OUT[0]'. [/home/s1786991/DSD4/VGA_interface/VGA_interface.srcs/constrs_1/new/vga_constraints.xdc:28]
CRITICAL WARNING: [Common 17-55] 'set_property' expects at least one object. [/home/s1786991/DSD4/VGA_interface/VGA_interface.srcs/constrs_1/new/vga_constraints.xdc:28]
Resolution: If [get_<value>] was used to populate the object, check to make sure this command returns at least one valid object.
WARNING: [Vivado 12-584] No ports matched 'COLOUR_OUT[0]'. [/home/s1786991/DSD4/VGA_interface/VGA_interface.srcs/constrs_1/new/vga_constraints.xdc:29]
CRITICAL WARNING: [Common 17-55] 'set_property' expects at least one object. [/home/s1786991/DSD4/VGA_interface/VGA_interface.srcs/constrs_1/new/vga_constraints.xdc:29]
Resolution: If [get_<value>] was used to populate the object, check to make sure this command returns at least one valid object.
WARNING: [Vivado 12-584] No ports matched 'COLOUR_OUT[1]'. [/home/s1786991/DSD4/VGA_interface/VGA_interface.srcs/constrs_1/new/vga_constraints.xdc:30]
CRITICAL WARNING: [Common 17-55] 'set_property' expects at least one object. [/home/s1786991/DSD4/VGA_interface/VGA_interface.srcs/constrs_1/new/vga_constraints.xdc:30]
Resolution: If [get_<value>] was used to populate the object, check to make sure this command returns at least one valid object.
WARNING: [Vivado 12-584] No ports matched 'COLOUR_OUT[1]'. [/home/s1786991/DSD4/VGA_interface/VGA_interface.srcs/constrs_1/new/vga_constraints.xdc:31]
CRITICAL WARNING: [Common 17-55] 'set_property' expects at least one object. [/home/s1786991/DSD4/VGA_interface/VGA_interface.srcs/constrs_1/new/vga_constraints.xdc:31]
Resolution: If [get_<value>] was used to populate the object, check to make sure this command returns at least one valid object.
WARNING: [Vivado 12-584] No ports matched 'COLOUR_OUT[2]'. [/home/s1786991/DSD4/VGA_interface/VGA_interface.srcs/constrs_1/new/vga_constraints.xdc:32]
CRITICAL WARNING: [Common 17-55] 'set_property' expects at least one object. [/home/s1786991/DSD4/VGA_interface/VGA_interface.srcs/constrs_1/new/vga_constraints.xdc:32]
Resolution: If [get_<value>] was used to populate the object, check to make sure this command returns at least one valid object.
WARNING: [Vivado 12-584] No ports matched 'COLOUR_OUT[2]'. [/home/s1786991/DSD4/VGA_interface/VGA_interface.srcs/constrs_1/new/vga_constraints.xdc:33]
CRITICAL WARNING: [Common 17-55] 'set_property' expects at least one object. [/home/s1786991/DSD4/VGA_interface/VGA_interface.srcs/constrs_1/new/vga_constraints.xdc:33]
Resolution: If [get_<value>] was used to populate the object, check to make sure this command returns at least one valid object.
WARNING: [Vivado 12-584] No ports matched 'COLOUR_OUT[3]'. [/home/s1786991/DSD4/VGA_interface/VGA_interface.srcs/constrs_1/new/vga_constraints.xdc:34]
CRITICAL WARNING: [Common 17-55] 'set_property' expects at least one object. [/home/s1786991/DSD4/VGA_interface/VGA_interface.srcs/constrs_1/new/vga_constraints.xdc:34]
Resolution: If [get_<value>] was used to populate the object, check to make sure this command returns at least one valid object.
WARNING: [Vivado 12-584] No ports matched 'COLOUR_OUT[3]'. [/home/s1786991/DSD4/VGA_interface/VGA_interface.srcs/constrs_1/new/vga_constraints.xdc:35]
CRITICAL WARNING: [Common 17-55] 'set_property' expects at least one object. [/home/s1786991/DSD4/VGA_interface/VGA_interface.srcs/constrs_1/new/vga_constraints.xdc:35]
Resolution: If [get_<value>] was used to populate the object, check to make sure this command returns at least one valid object.
WARNING: [Vivado 12-584] No ports matched 'COLOUR_OUT[4]'. [/home/s1786991/DSD4/VGA_interface/VGA_interface.srcs/constrs_1/new/vga_constraints.xdc:36]
CRITICAL WARNING: [Common 17-55] 'set_property' expects at least one object. [/home/s1786991/DSD4/VGA_interface/VGA_interface.srcs/constrs_1/new/vga_constraints.xdc:36]
Resolution: If [get_<value>] was used to populate the object, check to make sure this command returns at least one valid object.
WARNING: [Vivado 12-584] No ports matched 'COLOUR_OUT[4]'. [/home/s1786991/DSD4/VGA_interface/VGA_interface.srcs/constrs_1/new/vga_constraints.xdc:37]
CRITICAL WARNING: [Common 17-55] 'set_property' expects at least one object. [/home/s1786991/DSD4/VGA_interface/VGA_interface.srcs/constrs_1/new/vga_constraints.xdc:37]
Resolution: If [get_<value>] was used to populate the object, check to make sure this command returns at least one valid object.
WARNING: [Vivado 12-584] No ports matched 'COLOUR_OUT[5]'. [/home/s1786991/DSD4/VGA_interface/VGA_interface.srcs/constrs_1/new/vga_constraints.xdc:38]
CRITICAL WARNING: [Common 17-55] 'set_property' expects at least one object. [/home/s1786991/DSD4/VGA_interface/VGA_interface.srcs/constrs_1/new/vga_constraints.xdc:38]
Resolution: If [get_<value>] was used to populate the object, check to make sure this command returns at least one valid object.
WARNING: [Vivado 12-584] No ports matched 'COLOUR_OUT[5]'. [/home/s1786991/DSD4/VGA_interface/VGA_interface.srcs/constrs_1/new/vga_constraints.xdc:39]
CRITICAL WARNING: [Common 17-55] 'set_property' expects at least one object. [/home/s1786991/DSD4/VGA_interface/VGA_interface.srcs/constrs_1/new/vga_constraints.xdc:39]
Resolution: If [get_<value>] was used to populate the object, check to make sure this command returns at least one valid object.
WARNING: [Vivado 12-584] No ports matched 'COLOUR_OUT[6]'. [/home/s1786991/DSD4/VGA_interface/VGA_interface.srcs/constrs_1/new/vga_constraints.xdc:40]
CRITICAL WARNING: [Common 17-55] 'set_property' expects at least one object. [/home/s1786991/DSD4/VGA_interface/VGA_interface.srcs/constrs_1/new/vga_constraints.xdc:40]
Resolution: If [get_<value>] was used to populate the object, check to make sure this command returns at least one valid object.
WARNING: [Vivado 12-584] No ports matched 'COLOUR_OUT[6]'. [/home/s1786991/DSD4/VGA_interface/VGA_interface.srcs/constrs_1/new/vga_constraints.xdc:41]
CRITICAL WARNING: [Common 17-55] 'set_property' expects at least one object. [/home/s1786991/DSD4/VGA_interface/VGA_interface.srcs/constrs_1/new/vga_constraints.xdc:41]
Resolution: If [get_<value>] was used to populate the object, check to make sure this command returns at least one valid object.
WARNING: [Vivado 12-584] No ports matched 'COLOUR_OUT[7]'. [/home/s1786991/DSD4/VGA_interface/VGA_interface.srcs/constrs_1/new/vga_constraints.xdc:42]
CRITICAL WARNING: [Common 17-55] 'set_property' expects at least one object. [/home/s1786991/DSD4/VGA_interface/VGA_interface.srcs/constrs_1/new/vga_constraints.xdc:42]
Resolution: If [get_<value>] was used to populate the object, check to make sure this command returns at least one valid object.
WARNING: [Vivado 12-584] No ports matched 'COLOUR_OUT[7]'. [/home/s1786991/DSD4/VGA_interface/VGA_interface.srcs/constrs_1/new/vga_constraints.xdc:43]
CRITICAL WARNING: [Common 17-55] 'set_property' expects at least one object. [/home/s1786991/DSD4/VGA_interface/VGA_interface.srcs/constrs_1/new/vga_constraints.xdc:43]
Resolution: If [get_<value>] was used to populate the object, check to make sure this command returns at least one valid object.
WARNING: [Vivado 12-584] No ports matched 'COLOUR_OUT[8]'. [/home/s1786991/DSD4/VGA_interface/VGA_interface.srcs/constrs_1/new/vga_constraints.xdc:44]
CRITICAL WARNING: [Common 17-55] 'set_property' expects at least one object. [/home/s1786991/DSD4/VGA_interface/VGA_interface.srcs/constrs_1/new/vga_constraints.xdc:44]
Resolution: If [get_<value>] was used to populate the object, check to make sure this command returns at least one valid object.
WARNING: [Vivado 12-584] No ports matched 'COLOUR_OUT[8]'. [/home/s1786991/DSD4/VGA_interface/VGA_interface.srcs/constrs_1/new/vga_constraints.xdc:45]
CRITICAL WARNING: [Common 17-55] 'set_property' expects at least one object. [/home/s1786991/DSD4/VGA_interface/VGA_interface.srcs/constrs_1/new/vga_constraints.xdc:45]
Resolution: If [get_<value>] was used to populate the object, check to make sure this command returns at least one valid object.
WARNING: [Vivado 12-584] No ports matched 'COLOUR_OUT[9]'. [/home/s1786991/DSD4/VGA_interface/VGA_interface.srcs/constrs_1/new/vga_constraints.xdc:46]
CRITICAL WARNING: [Common 17-55] 'set_property' expects at least one object. [/home/s1786991/DSD4/VGA_interface/VGA_interface.srcs/constrs_1/new/vga_constraints.xdc:46]
Resolution: If [get_<value>] was used to populate the object, check to make sure this command returns at least one valid object.
WARNING: [Vivado 12-584] No ports matched 'COLOUR_OUT[9]'. [/home/s1786991/DSD4/VGA_interface/VGA_interface.srcs/constrs_1/new/vga_constraints.xdc:47]
CRITICAL WARNING: [Common 17-55] 'set_property' expects at least one object. [/home/s1786991/DSD4/VGA_interface/VGA_interface.srcs/constrs_1/new/vga_constraints.xdc:47]
Resolution: If [get_<value>] was used to populate the object, check to make sure this command returns at least one valid object.
WARNING: [Vivado 12-584] No ports matched 'COLOUR_OUT[10]'. [/home/s1786991/DSD4/VGA_interface/VGA_interface.srcs/constrs_1/new/vga_constraints.xdc:48]
CRITICAL WARNING: [Common 17-55] 'set_property' expects at least one object. [/home/s1786991/DSD4/VGA_interface/VGA_interface.srcs/constrs_1/new/vga_constraints.xdc:48]
Resolution: If [get_<value>] was used to populate the object, check to make sure this command returns at least one valid object.
WARNING: [Vivado 12-584] No ports matched 'COLOUR_OUT[10]'. [/home/s1786991/DSD4/VGA_interface/VGA_interface.srcs/constrs_1/new/vga_constraints.xdc:49]
CRITICAL WARNING: [Common 17-55] 'set_property' expects at least one object. [/home/s1786991/DSD4/VGA_interface/VGA_interface.srcs/constrs_1/new/vga_constraints.xdc:49]
Resolution: If [get_<value>] was used to populate the object, check to make sure this command returns at least one valid object.
WARNING: [Vivado 12-584] No ports matched 'COLOUR_OUT[11]'. [/home/s1786991/DSD4/VGA_interface/VGA_interface.srcs/constrs_1/new/vga_constraints.xdc:50]
CRITICAL WARNING: [Common 17-55] 'set_property' expects at least one object. [/home/s1786991/DSD4/VGA_interface/VGA_interface.srcs/constrs_1/new/vga_constraints.xdc:50]
Resolution: If [get_<value>] was used to populate the object, check to make sure this command returns at least one valid object.
WARNING: [Vivado 12-584] No ports matched 'COLOUR_OUT[11]'. [/home/s1786991/DSD4/VGA_interface/VGA_interface.srcs/constrs_1/new/vga_constraints.xdc:51]
CRITICAL WARNING: [Common 17-55] 'set_property' expects at least one object. [/home/s1786991/DSD4/VGA_interface/VGA_interface.srcs/constrs_1/new/vga_constraints.xdc:51]
Resolution: If [get_<value>] was used to populate the object, check to make sure this command returns at least one valid object.
WARNING: [Vivado 12-584] No ports matched 'HS'. [/home/s1786991/DSD4/VGA_interface/VGA_interface.srcs/constrs_1/new/vga_constraints.xdc:58]
CRITICAL WARNING: [Common 17-55] 'set_property' expects at least one object. [/home/s1786991/DSD4/VGA_interface/VGA_interface.srcs/constrs_1/new/vga_constraints.xdc:58]
Resolution: If [get_<value>] was used to populate the object, check to make sure this command returns at least one valid object.
WARNING: [Vivado 12-584] No ports matched 'HS'. [/home/s1786991/DSD4/VGA_interface/VGA_interface.srcs/constrs_1/new/vga_constraints.xdc:59]
CRITICAL WARNING: [Common 17-55] 'set_property' expects at least one object. [/home/s1786991/DSD4/VGA_interface/VGA_interface.srcs/constrs_1/new/vga_constraints.xdc:59]
Resolution: If [get_<value>] was used to populate the object, check to make sure this command returns at least one valid object.
WARNING: [Vivado 12-584] No ports matched 'VS'. [/home/s1786991/DSD4/VGA_interface/VGA_interface.srcs/constrs_1/new/vga_constraints.xdc:60]
CRITICAL WARNING: [Common 17-55] 'set_property' expects at least one object. [/home/s1786991/DSD4/VGA_interface/VGA_interface.srcs/constrs_1/new/vga_constraints.xdc:60]
Resolution: If [get_<value>] was used to populate the object, check to make sure this command returns at least one valid object.
WARNING: [Vivado 12-584] No ports matched 'VS'. [/home/s1786991/DSD4/VGA_interface/VGA_interface.srcs/constrs_1/new/vga_constraints.xdc:61]
CRITICAL WARNING: [Common 17-55] 'set_property' expects at least one object. [/home/s1786991/DSD4/VGA_interface/VGA_interface.srcs/constrs_1/new/vga_constraints.xdc:61]
Resolution: If [get_<value>] was used to populate the object, check to make sure this command returns at least one valid object.
Finished Parsing XDC File [/home/s1786991/DSD4/VGA_interface/VGA_interface.srcs/constrs_1/new/vga_constraints.xdc]
Completed Processing XDC Constraints

INFO: [Project 1-111] Unisim Transformation Summary:
No Unisim elements were transformed.

Constraint Validation Runtime : Time (s): cpu = 00:00:00 ; elapsed = 00:00:00 . Memory (MB): peak = 1407.910 ; gain = 0.000 ; free physical = 410 ; free virtual = 89513
---------------------------------------------------------------------------------
Finished Constraint Validation : Time (s): cpu = 00:00:09 ; elapsed = 00:00:10 . Memory (MB): peak = 1407.910 ; gain = 507.957 ; free physical = 410 ; free virtual = 89512
---------------------------------------------------------------------------------
---------------------------------------------------------------------------------
Start Loading Part and Timing Information
---------------------------------------------------------------------------------
Loading part: xc7a35tcpg236-1
---------------------------------------------------------------------------------
Finished Loading Part and Timing Information : Time (s): cpu = 00:00:09 ; elapsed = 00:00:10 . Memory (MB): peak = 1407.910 ; gain = 507.957 ; free physical = 410 ; free virtual = 89512
---------------------------------------------------------------------------------
---------------------------------------------------------------------------------
Start Applying 'set_property' XDC Constraints
---------------------------------------------------------------------------------
---------------------------------------------------------------------------------
Finished applying 'set_property' XDC Constraints : Time (s): cpu = 00:00:09 ; elapsed = 00:00:10 . Memory (MB): peak = 1407.910 ; gain = 507.957 ; free physical = 410 ; free virtual = 89512
---------------------------------------------------------------------------------
---------------------------------------------------------------------------------
Finished RTL Optimization Phase 2 : Time (s): cpu = 00:00:09 ; elapsed = 00:00:10 . Memory (MB): peak = 1407.910 ; gain = 507.957 ; free physical = 394 ; free virtual = 89497
---------------------------------------------------------------------------------

Report RTL Partitions: 
+-+--------------+------------+----------+
| |RTL Partition |Replication |Instances |
+-+--------------+------------+----------+
+-+--------------+------------+----------+
---------------------------------------------------------------------------------
Start RTL Component Statistics 
---------------------------------------------------------------------------------
Detailed RTL Component Info : 
+---Adders : 
	   2 Input     10 Bit       Adders := 1     
	   2 Input      9 Bit       Adders := 1     
	   2 Input      2 Bit       Adders := 1     
+---Registers : 
	               10 Bit    Registers := 1     
	                9 Bit    Registers := 1     
	                8 Bit    Registers := 1     
	                2 Bit    Registers := 1     
	                1 Bit    Registers := 7     
+---RAMs : 
	              32K Bit         RAMs := 1     
+---Muxes : 
	   2 Input      8 Bit        Muxes := 2     
	   2 Input      2 Bit        Muxes := 1     
---------------------------------------------------------------------------------
Finished RTL Component Statistics 
---------------------------------------------------------------------------------
---------------------------------------------------------------------------------
Start RTL Hierarchical Component Statistics 
---------------------------------------------------------------------------------
Hierarchical RTL Component report 
Module VGA_Sig_Gen 
Detailed RTL Component Info : 
+---Registers : 
	                8 Bit    Registers := 1     
	                1 Bit    Registers := 2     
+---Muxes : 
	   2 Input      8 Bit        Muxes := 2     
Module Generic_Counter 
Detailed RTL Component Info : 
+---Adders : 
	   2 Input      2 Bit       Adders := 1     
+---Registers : 
	                2 Bit    Registers := 1     
	                1 Bit    Registers := 1     
+---Muxes : 
	   2 Input      2 Bit        Muxes := 1     
Module Generic_Counter__parameterized0 
Detailed RTL Component Info : 
+---Adders : 
	   2 Input     10 Bit       Adders := 1     
+---Registers : 
	               10 Bit    Registers := 1     
	                1 Bit    Registers := 1     
Module Generic_Counter__parameterized1 
Detailed RTL Component Info : 
+---Adders : 
	   2 Input      9 Bit       Adders := 1     
+---Registers : 
	                9 Bit    Registers := 1     
	                1 Bit    Registers := 1     
Module Frame_Buffer 
Detailed RTL Component Info : 
+---Registers : 
	                1 Bit    Registers := 2     
+---RAMs : 
	              32K Bit         RAMs := 1     
---------------------------------------------------------------------------------
Finished RTL Hierarchical Component Statistics
---------------------------------------------------------------------------------
---------------------------------------------------------------------------------
Start Part Resource Summary
---------------------------------------------------------------------------------
Part Resources:
DSPs: 120 (col length:60)
BRAMs: 150 (col length: RAMB18 60 RAMB36 30)
---------------------------------------------------------------------------------
Finished Part Resource Summary
---------------------------------------------------------------------------------
Start Parallel Synthesis Optimization  : Time (s): cpu = 00:00:10 ; elapsed = 00:00:10 . Memory (MB): peak = 1407.910 ; gain = 507.957 ; free physical = 394 ; free virtual = 89497
---------------------------------------------------------------------------------
Start Cross Boundary Optimization
---------------------------------------------------------------------------------
---------------------------------------------------------------------------------
Finished Cross Boundary Optimization : Time (s): cpu = 00:00:10 ; elapsed = 00:00:10 . Memory (MB): peak = 1407.910 ; gain = 507.957 ; free physical = 394 ; free virtual = 89497
---------------------------------------------------------------------------------
Finished Parallel Reinference  : Time (s): cpu = 00:00:10 ; elapsed = 00:00:10 . Memory (MB): peak = 1407.910 ; gain = 507.957 ; free physical = 394 ; free virtual = 89497

Report RTL Partitions: 
+-+--------------+------------+----------+
| |RTL Partition |Replication |Instances |
+-+--------------+------------+----------+
+-+--------------+------------+----------+
---------------------------------------------------------------------------------
Start ROM, RAM, DSP and Shift Register Reporting
---------------------------------------------------------------------------------

Block RAM:
+------------+----------------------+------------------------+---+---+------------------------+---+---+--------------+--------+--------+-----------------------+
|Module Name | RTL Object           | PORT A (Depth x Width) | W | R | PORT B (Depth x Width) | W | R | OUT_REG      | RAMB18 | RAMB36 | Hierarchical Name     | 
+------------+----------------------+------------------------+---+---+------------------------+---+---+--------------+--------+--------+-----------------------+
|VGA_Sig_Gen | frame_buffer/Mem_reg | 32 K x 1               | W |   | 32 K x 1(WRITE_FIRST)  |   | R | Port A and B | 0      | 1      | VGA_Sig_Gen/extram__2 | 
+------------+----------------------+------------------------+---+---+------------------------+---+---+--------------+--------+--------+-----------------------+

Note: The table shows the Block RAMs at the current stage of the synthesis flow. Some Block RAMs may be reimplemented as non Block RAM primitives later in the synthesis flow. Multiple instantiated Block RAMs are reported only once. "Hierarchical Name" reflects the Block RAM name as it appears in the hierarchical module and only part of it is displayed.
---------------------------------------------------------------------------------
Finished ROM, RAM, DSP and Shift Register Reporting
---------------------------------------------------------------------------------
---------------------------------------------------------------------------------
Start Area Optimization
---------------------------------------------------------------------------------
---------------------------------------------------------------------------------
Finished Area Optimization : Time (s): cpu = 00:00:10 ; elapsed = 00:00:10 . Memory (MB): peak = 1407.910 ; gain = 507.957 ; free physical = 378 ; free virtual = 89481
---------------------------------------------------------------------------------
Finished Parallel Area Optimization  : Time (s): cpu = 00:00:10 ; elapsed = 00:00:10 . Memory (MB): peak = 1407.910 ; gain = 507.957 ; free physical = 378 ; free virtual = 89481

Report RTL Partitions: 
+-+--------------+------------+----------+
| |RTL Partition |Replication |Instances |
+-+--------------+------------+----------+
+-+--------------+------------+----------+
Finished Parallel Synthesis Optimization  : Time (s): cpu = 00:00:10 ; elapsed = 00:00:10 . Memory (MB): peak = 1407.910 ; gain = 507.957 ; free physical = 378 ; free virtual = 89481
---------------------------------------------------------------------------------
Start Timing Optimization
---------------------------------------------------------------------------------
---------------------------------------------------------------------------------
Start Applying XDC Timing Constraints
---------------------------------------------------------------------------------
---------------------------------------------------------------------------------
Finished Applying XDC Timing Constraints : Time (s): cpu = 00:00:15 ; elapsed = 00:00:16 . Memory (MB): peak = 1407.910 ; gain = 507.957 ; free physical = 344 ; free virtual = 89441
---------------------------------------------------------------------------------
---------------------------------------------------------------------------------
Finished Timing Optimization : Time (s): cpu = 00:00:15 ; elapsed = 00:00:16 . Memory (MB): peak = 1407.910 ; gain = 507.957 ; free physical = 344 ; free virtual = 89441
---------------------------------------------------------------------------------

Report RTL Partitions: 
+-+--------------+------------+----------+
| |RTL Partition |Replication |Instances |
+-+--------------+------------+----------+
+-+--------------+------------+----------+
---------------------------------------------------------------------------------
Start Technology Mapping
---------------------------------------------------------------------------------
INFO: [Synth 8-4480] The timing for the instance \frame_buffer/Mem_reg  (implemented as a block RAM) might be sub-optimal as no optional output register could be merged into the block ram. Providing additional output register may help in improving timing.
---------------------------------------------------------------------------------
Finished Technology Mapping : Time (s): cpu = 00:00:15 ; elapsed = 00:00:16 . Memory (MB): peak = 1407.910 ; gain = 507.957 ; free physical = 326 ; free virtual = 89423
---------------------------------------------------------------------------------

Report RTL Partitions: 
+-+--------------+------------+----------+
| |RTL Partition |Replication |Instances |
+-+--------------+------------+----------+
+-+--------------+------------+----------+
---------------------------------------------------------------------------------
Start IO Insertion
---------------------------------------------------------------------------------
---------------------------------------------------------------------------------
Start Final Netlist Cleanup
---------------------------------------------------------------------------------
---------------------------------------------------------------------------------
Finished Final Netlist Cleanup
---------------------------------------------------------------------------------
---------------------------------------------------------------------------------
Finished IO Insertion : Time (s): cpu = 00:00:16 ; elapsed = 00:00:16 . Memory (MB): peak = 1407.910 ; gain = 507.957 ; free physical = 330 ; free virtual = 89422
---------------------------------------------------------------------------------
CRITICAL WARNING: [Synth 8-3352] multi-driven net VGA_DATA_IBUF with 1st driver pin 'VGA_DATA_IBUF_inst/O' [/home/s1786991/DSD4/VGA_interface/VGA_interface.srcs/sources_1/new/VGA_Sig_Gen.v:22]
CRITICAL WARNING: [Synth 8-3352] multi-driven net VGA_DATA_IBUF with 2nd driver pin 'frame_buffer/Mem_reg/DOBDO[0]' [/home/s1786991/DSD4/VGA_interface/VGA_interface.srcs/sources_1/new/Frame_Buffer.v:45]

Report Check Netlist: 
+------+------------------+-------+---------+-------+------------------+
|      |Item              |Errors |Warnings |Status |Description       |
+------+------------------+-------+---------+-------+------------------+
|1     |multi_driven_nets |      0|        1|Failed |Multi driven nets |
+------+------------------+-------+---------+-------+------------------+
---------------------------------------------------------------------------------
Start Renaming Generated Instances
---------------------------------------------------------------------------------
---------------------------------------------------------------------------------
Finished Renaming Generated Instances : Time (s): cpu = 00:00:16 ; elapsed = 00:00:16 . Memory (MB): peak = 1407.910 ; gain = 507.957 ; free physical = 330 ; free virtual = 89422
---------------------------------------------------------------------------------

Report RTL Partitions: 
+-+--------------+------------+----------+
| |RTL Partition |Replication |Instances |
+-+--------------+------------+----------+
+-+--------------+------------+----------+
---------------------------------------------------------------------------------
Start Rebuilding User Hierarchy
---------------------------------------------------------------------------------
---------------------------------------------------------------------------------
Finished Rebuilding User Hierarchy : Time (s): cpu = 00:00:16 ; elapsed = 00:00:16 . Memory (MB): peak = 1407.910 ; gain = 507.957 ; free physical = 330 ; free virtual = 89422
---------------------------------------------------------------------------------
---------------------------------------------------------------------------------
Start Renaming Generated Ports : Time (s): cpu = 00:00:16 ; elapsed = 00:00:16 . Memory (MB): peak = 1407.910 ; gain = 507.957 ; free physical = 330 ; free virtual = 89422
---------------------------------------------------------------------------------
---------------------------------------------------------------------------------
Finished Renaming Generated Ports : Time (s): cpu = 00:00:16 ; elapsed = 00:00:16 . Memory (MB): peak = 1407.910 ; gain = 507.957 ; free physical = 330 ; free virtual = 89422
---------------------------------------------------------------------------------
---------------------------------------------------------------------------------
Start Writing Synthesis Report
---------------------------------------------------------------------------------

Report BlackBoxes: 
+-+--------------+----------+
| |BlackBox name |Instances |
+-+--------------+----------+
+-+--------------+----------+

Report Cell Usage: 
+------+---------+------+
|      |Cell     |Count |
+------+---------+------+
|1     |BUFG     |     1|
|2     |LUT1     |     3|
|3     |LUT2     |     4|
|4     |LUT3     |     4|
|5     |LUT4     |     9|
|6     |LUT5     |     8|
|7     |LUT6     |    23|
|8     |MUXF7    |     8|
|9     |RAMB36E1 |     1|
|10    |FDRE     |    33|
|11    |IBUF     |    19|
|12    |OBUF     |    26|
+------+---------+------+

Report Instance Areas: 
+------+----------------+--------------------------------+------+
|      |Instance        |Module                          |Cells |
+------+----------------+--------------------------------+------+
|1     |top             |                                |   139|
|2     |  Bit2Counter   |Generic_Counter                 |     6|
|3     |  HonSynCounter |Generic_Counter__parameterized0 |    26|
|4     |  VerSynCounter |Generic_Counter__parameterized1 |    50|
|5     |  frame_buffer  |Frame_Buffer                    |     1|
+------+----------------+--------------------------------+------+
---------------------------------------------------------------------------------
Finished Writing Synthesis Report : Time (s): cpu = 00:00:16 ; elapsed = 00:00:16 . Memory (MB): peak = 1407.910 ; gain = 507.957 ; free physical = 330 ; free virtual = 89422
---------------------------------------------------------------------------------
Synthesis finished with 0 errors, 2 critical warnings and 0 warnings.
Synthesis Optimization Runtime : Time (s): cpu = 00:00:11 ; elapsed = 00:00:11 . Memory (MB): peak = 1407.910 ; gain = 74.297 ; free physical = 334 ; free virtual = 89421
Synthesis Optimization Complete : Time (s): cpu = 00:00:16 ; elapsed = 00:00:16 . Memory (MB): peak = 1407.910 ; gain = 507.957 ; free physical = 334 ; free virtual = 89421
INFO: [Project 1-571] Translating synthesized netlist
INFO: [Netlist 29-17] Analyzing 20 Unisim elements for replacement
INFO: [Netlist 29-28] Unisim Transformation completed in 0 CPU seconds
INFO: [Project 1-570] Preparing netlist for logic optimization
INFO: [Opt 31-138] Pushed 0 inverter(s) to 0 load pin(s).
INFO: [Project 1-111] Unisim Transformation Summary:
No Unisim elements were transformed.

INFO: [Common 17-83] Releasing license: Synthesis
23 Infos, 72 Warnings, 54 Critical Warnings and 0 Errors encountered.
synth_design completed successfully
synth_design: Time (s): cpu = 00:00:14 ; elapsed = 00:00:15 . Memory (MB): peak = 1415.918 ; gain = 407.445 ; free physical = 344 ; free virtual = 89421
report_utilization: Time (s): cpu = 00:00:00.68 ; elapsed = 00:00:00.72 . Memory (MB): peak = 1447.941 ; gain = 0.000 ; free physical = 346 ; free virtual = 89420
INFO: [Common 17-206] Exiting Vivado at Mon Feb 18 12:46:18 2019...
